<?xml version="1.0" encoding="UTF-8"?>
<testsuite xmlns:xsi="http://www.w3.org/2001/XMLSchema-instance" xsi:noNamespaceSchemaLocation="https://maven.apache.org/surefire/maven-surefire-plugin/xsd/surefire-test-report.xsd" name="org.test_runner.Test_Runner" time="66.106" tests="27" errors="0" skipped="0" failures="0">
  <properties>
    <property name="sun.desktop" value="windows"/>
    <property name="awt.toolkit" value="sun.awt.windows.WToolkit"/>
    <property name="file.encoding.pkg" value="sun.io"/>
    <property name="java.specification.version" value="1.8"/>
    <property name="sun.cpu.isalist" value="amd64"/>
    <property name="sun.jnu.encoding" value="Cp1252"/>
    <property name="java.class.path" value="E:\Eclipse\Selenium-Java\ShoppinG_Project\target\test-classes;E:\Eclipse\Selenium-Java\ShoppinG_Project\target\classes;C:\Users\spraks99\.m2\repository\junit\junit\4.12\junit-4.12.jar;C:\Users\spraks99\.m2\repository\org\hamcrest\hamcrest-core\1.3\hamcrest-core-1.3.jar;C:\Users\spraks99\.m2\repository\org\seleniumhq\selenium\selenium-server\3.141.59\selenium-server-3.141.59.jar;C:\Users\spraks99\.m2\repository\org\seleniumhq\selenium\selenium-java\3.141.59\selenium-java-3.141.59.jar;C:\Users\spraks99\.m2\repository\org\seleniumhq\selenium\selenium-api\3.141.59\selenium-api-3.141.59.jar;C:\Users\spraks99\.m2\repository\org\seleniumhq\selenium\selenium-chrome-driver\3.141.59\selenium-chrome-driver-3.141.59.jar;C:\Users\spraks99\.m2\repository\org\seleniumhq\selenium\selenium-edge-driver\3.141.59\selenium-edge-driver-3.141.59.jar;C:\Users\spraks99\.m2\repository\org\seleniumhq\selenium\selenium-firefox-driver\3.141.59\selenium-firefox-driver-3.141.59.jar;C:\Users\spraks99\.m2\repository\org\seleniumhq\selenium\selenium-ie-driver\3.141.59\selenium-ie-driver-3.141.59.jar;C:\Users\spraks99\.m2\repository\org\seleniumhq\selenium\selenium-opera-driver\3.141.59\selenium-opera-driver-3.141.59.jar;C:\Users\spraks99\.m2\repository\org\seleniumhq\selenium\selenium-remote-driver\3.141.59\selenium-remote-driver-3.141.59.jar;C:\Users\spraks99\.m2\repository\org\seleniumhq\selenium\selenium-safari-driver\3.141.59\selenium-safari-driver-3.141.59.jar;C:\Users\spraks99\.m2\repository\org\seleniumhq\selenium\selenium-support\3.141.59\selenium-support-3.141.59.jar;C:\Users\spraks99\.m2\repository\com\beust\jcommander\1.72\jcommander-1.72.jar;C:\Users\spraks99\.m2\repository\net\bytebuddy\byte-buddy\1.8.15\byte-buddy-1.8.15.jar;C:\Users\spraks99\.m2\repository\org\apache\commons\commons-exec\1.3\commons-exec-1.3.jar;C:\Users\spraks99\.m2\repository\com\google\guava\guava\25.0-jre\guava-25.0-jre.jar;C:\Users\spraks99\.m2\repository\com\google\code\findbugs\jsr305\1.3.9\jsr305-1.3.9.jar;C:\Users\spraks99\.m2\repository\org\checkerframework\checker-compat-qual\2.0.0\checker-compat-qual-2.0.0.jar;C:\Users\spraks99\.m2\repository\com\google\errorprone\error_prone_annotations\2.1.3\error_prone_annotations-2.1.3.jar;C:\Users\spraks99\.m2\repository\com\google\j2objc\j2objc-annotations\1.1\j2objc-annotations-1.1.jar;C:\Users\spraks99\.m2\repository\org\codehaus\mojo\animal-sniffer-annotations\1.14\animal-sniffer-annotations-1.14.jar;C:\Users\spraks99\.m2\repository\net\jcip\jcip-annotations\1.0\jcip-annotations-1.0.jar;C:\Users\spraks99\.m2\repository\org\seleniumhq\selenium\jetty-repacked\9.4.12.v20180830\jetty-repacked-9.4.12.v20180830.jar;C:\Users\spraks99\.m2\repository\com\squareup\okhttp3\okhttp\3.11.0\okhttp-3.11.0.jar;C:\Users\spraks99\.m2\repository\com\squareup\okio\okio\1.14.0\okio-1.14.0.jar;C:\Users\spraks99\.m2\repository\javax\servlet\javax.servlet-api\3.1.0\javax.servlet-api-3.1.0.jar;C:\Users\spraks99\.m2\repository\org\yaml\snakeyaml\1.19\snakeyaml-1.19.jar;C:\Users\spraks99\.m2\repository\commons-io\commons-io\2.11.0\commons-io-2.11.0.jar;C:\Users\spraks99\.m2\repository\org\apache\poi\poi\4.1.2\poi-4.1.2.jar;C:\Users\spraks99\.m2\repository\commons-codec\commons-codec\1.13\commons-codec-1.13.jar;C:\Users\spraks99\.m2\repository\org\apache\commons\commons-collections4\4.4\commons-collections4-4.4.jar;C:\Users\spraks99\.m2\repository\org\apache\commons\commons-math3\3.6.1\commons-math3-3.6.1.jar;C:\Users\spraks99\.m2\repository\com\zaxxer\SparseBitSet\1.2\SparseBitSet-1.2.jar;C:\Users\spraks99\.m2\repository\org\apache\poi\poi-ooxml\4.1.2\poi-ooxml-4.1.2.jar;C:\Users\spraks99\.m2\repository\org\apache\commons\commons-compress\1.19\commons-compress-1.19.jar;C:\Users\spraks99\.m2\repository\com\github\virtuald\curvesapi\1.06\curvesapi-1.06.jar;C:\Users\spraks99\.m2\repository\org\apache\poi\poi-ooxml-schemas\4.1.2\poi-ooxml-schemas-4.1.2.jar;C:\Users\spraks99\.m2\repository\org\apache\xmlbeans\xmlbeans\3.1.0\xmlbeans-3.1.0.jar;C:\Users\spraks99\.m2\repository\info\cukes\cucumber-junit\1.2.5\cucumber-junit-1.2.5.jar;C:\Users\spraks99\.m2\repository\info\cukes\cucumber-java\1.2.5\cucumber-java-1.2.5.jar;C:\Users\spraks99\.m2\repository\info\cukes\cucumber-core\1.2.5\cucumber-core-1.2.5.jar;C:\Users\spraks99\.m2\repository\info\cukes\cucumber-html\0.2.3\cucumber-html-0.2.3.jar;C:\Users\spraks99\.m2\repository\info\cukes\cucumber-jvm-deps\1.0.5\cucumber-jvm-deps-1.0.5.jar;C:\Users\spraks99\.m2\repository\info\cukes\gherkin\2.12.2\gherkin-2.12.2.jar;C:\Users\spraks99\.m2\repository\com\vimalselvam\cucumber-extentsreport\3.0.2\cucumber-extentsreport-3.0.2.jar;C:\Users\spraks99\.m2\repository\com\aventstack\extentreports\4.0.9\extentreports-4.0.9.jar;C:\Users\spraks99\.m2\repository\org\freemarker\freemarker\2.3.23\freemarker-2.3.23.jar;C:\Users\spraks99\.m2\repository\org\mongodb\mongodb-driver\3.3.0\mongodb-driver-3.3.0.jar;C:\Users\spraks99\.m2\repository\org\mongodb\mongodb-driver-core\3.3.0\mongodb-driver-core-3.3.0.jar;C:\Users\spraks99\.m2\repository\org\mongodb\bson\3.3.0\bson-3.3.0.jar;C:\Users\spraks99\.m2\repository\org\apache\httpcomponents\httpclient\4.5.2\httpclient-4.5.2.jar;C:\Users\spraks99\.m2\repository\org\apache\httpcomponents\httpcore\4.4.4\httpcore-4.4.4.jar;C:\Users\spraks99\.m2\repository\commons-logging\commons-logging\1.2\commons-logging-1.2.jar;C:\Users\spraks99\.m2\repository\org\apache\httpcomponents\httpmime\4.5.2\httpmime-4.5.2.jar;C:\Users\spraks99\.m2\repository\com\google\code\gson\gson\2.8.5\gson-2.8.5.jar;"/>
    <property name="java.vm.vendor" value="Oracle Corporation"/>
    <property name="sun.arch.data.model" value="64"/>
    <property name="user.variant" value=""/>
    <property name="java.vendor.url" value="http://java.oracle.com/"/>
    <property name="user.timezone" value="Asia/Calcutta"/>
    <property name="java.vm.specification.version" value="1.8"/>
    <property name="os.name" value="Windows 10"/>
    <property name="user.country" value="US"/>
    <property name="sun.java.launcher" value="SUN_STANDARD"/>
    <property name="sun.boot.library.path" value="C:\Program Files\Java\jre1.8.0_281\bin"/>
    <property name="sun.java.command" value="C:\Users\spraks99\AppData\Local\Temp\surefire7174971236359749546\surefirebooter6161863474421998994.jar C:\Users\spraks99\AppData\Local\Temp\surefire7174971236359749546 2021-10-15T11-19-41_617-jvmRun1 surefire8823473466228713831tmp surefire_03837143111746522000tmp"/>
    <property name="surefire.test.class.path" value="E:\Eclipse\Selenium-Java\ShoppinG_Project\target\test-classes;E:\Eclipse\Selenium-Java\ShoppinG_Project\target\classes;C:\Users\spraks99\.m2\repository\junit\junit\4.12\junit-4.12.jar;C:\Users\spraks99\.m2\repository\org\hamcrest\hamcrest-core\1.3\hamcrest-core-1.3.jar;C:\Users\spraks99\.m2\repository\org\seleniumhq\selenium\selenium-server\3.141.59\selenium-server-3.141.59.jar;C:\Users\spraks99\.m2\repository\org\seleniumhq\selenium\selenium-java\3.141.59\selenium-java-3.141.59.jar;C:\Users\spraks99\.m2\repository\org\seleniumhq\selenium\selenium-api\3.141.59\selenium-api-3.141.59.jar;C:\Users\spraks99\.m2\repository\org\seleniumhq\selenium\selenium-chrome-driver\3.141.59\selenium-chrome-driver-3.141.59.jar;C:\Users\spraks99\.m2\repository\org\seleniumhq\selenium\selenium-edge-driver\3.141.59\selenium-edge-driver-3.141.59.jar;C:\Users\spraks99\.m2\repository\org\seleniumhq\selenium\selenium-firefox-driver\3.141.59\selenium-firefox-driver-3.141.59.jar;C:\Users\spraks99\.m2\repository\org\seleniumhq\selenium\selenium-ie-driver\3.141.59\selenium-ie-driver-3.141.59.jar;C:\Users\spraks99\.m2\repository\org\seleniumhq\selenium\selenium-opera-driver\3.141.59\selenium-opera-driver-3.141.59.jar;C:\Users\spraks99\.m2\repository\org\seleniumhq\selenium\selenium-remote-driver\3.141.59\selenium-remote-driver-3.141.59.jar;C:\Users\spraks99\.m2\repository\org\seleniumhq\selenium\selenium-safari-driver\3.141.59\selenium-safari-driver-3.141.59.jar;C:\Users\spraks99\.m2\repository\org\seleniumhq\selenium\selenium-support\3.141.59\selenium-support-3.141.59.jar;C:\Users\spraks99\.m2\repository\com\beust\jcommander\1.72\jcommander-1.72.jar;C:\Users\spraks99\.m2\repository\net\bytebuddy\byte-buddy\1.8.15\byte-buddy-1.8.15.jar;C:\Users\spraks99\.m2\repository\org\apache\commons\commons-exec\1.3\commons-exec-1.3.jar;C:\Users\spraks99\.m2\repository\com\google\guava\guava\25.0-jre\guava-25.0-jre.jar;C:\Users\spraks99\.m2\repository\com\google\code\findbugs\jsr305\1.3.9\jsr305-1.3.9.jar;C:\Users\spraks99\.m2\repository\org\checkerframework\checker-compat-qual\2.0.0\checker-compat-qual-2.0.0.jar;C:\Users\spraks99\.m2\repository\com\google\errorprone\error_prone_annotations\2.1.3\error_prone_annotations-2.1.3.jar;C:\Users\spraks99\.m2\repository\com\google\j2objc\j2objc-annotations\1.1\j2objc-annotations-1.1.jar;C:\Users\spraks99\.m2\repository\org\codehaus\mojo\animal-sniffer-annotations\1.14\animal-sniffer-annotations-1.14.jar;C:\Users\spraks99\.m2\repository\net\jcip\jcip-annotations\1.0\jcip-annotations-1.0.jar;C:\Users\spraks99\.m2\repository\org\seleniumhq\selenium\jetty-repacked\9.4.12.v20180830\jetty-repacked-9.4.12.v20180830.jar;C:\Users\spraks99\.m2\repository\com\squareup\okhttp3\okhttp\3.11.0\okhttp-3.11.0.jar;C:\Users\spraks99\.m2\repository\com\squareup\okio\okio\1.14.0\okio-1.14.0.jar;C:\Users\spraks99\.m2\repository\javax\servlet\javax.servlet-api\3.1.0\javax.servlet-api-3.1.0.jar;C:\Users\spraks99\.m2\repository\org\yaml\snakeyaml\1.19\snakeyaml-1.19.jar;C:\Users\spraks99\.m2\repository\commons-io\commons-io\2.11.0\commons-io-2.11.0.jar;C:\Users\spraks99\.m2\repository\org\apache\poi\poi\4.1.2\poi-4.1.2.jar;C:\Users\spraks99\.m2\repository\commons-codec\commons-codec\1.13\commons-codec-1.13.jar;C:\Users\spraks99\.m2\repository\org\apache\commons\commons-collections4\4.4\commons-collections4-4.4.jar;C:\Users\spraks99\.m2\repository\org\apache\commons\commons-math3\3.6.1\commons-math3-3.6.1.jar;C:\Users\spraks99\.m2\repository\com\zaxxer\SparseBitSet\1.2\SparseBitSet-1.2.jar;C:\Users\spraks99\.m2\repository\org\apache\poi\poi-ooxml\4.1.2\poi-ooxml-4.1.2.jar;C:\Users\spraks99\.m2\repository\org\apache\commons\commons-compress\1.19\commons-compress-1.19.jar;C:\Users\spraks99\.m2\repository\com\github\virtuald\curvesapi\1.06\curvesapi-1.06.jar;C:\Users\spraks99\.m2\repository\org\apache\poi\poi-ooxml-schemas\4.1.2\poi-ooxml-schemas-4.1.2.jar;C:\Users\spraks99\.m2\repository\org\apache\xmlbeans\xmlbeans\3.1.0\xmlbeans-3.1.0.jar;C:\Users\spraks99\.m2\repository\info\cukes\cucumber-junit\1.2.5\cucumber-junit-1.2.5.jar;C:\Users\spraks99\.m2\repository\info\cukes\cucumber-java\1.2.5\cucumber-java-1.2.5.jar;C:\Users\spraks99\.m2\repository\info\cukes\cucumber-core\1.2.5\cucumber-core-1.2.5.jar;C:\Users\spraks99\.m2\repository\info\cukes\cucumber-html\0.2.3\cucumber-html-0.2.3.jar;C:\Users\spraks99\.m2\repository\info\cukes\cucumber-jvm-deps\1.0.5\cucumber-jvm-deps-1.0.5.jar;C:\Users\spraks99\.m2\repository\info\cukes\gherkin\2.12.2\gherkin-2.12.2.jar;C:\Users\spraks99\.m2\repository\com\vimalselvam\cucumber-extentsreport\3.0.2\cucumber-extentsreport-3.0.2.jar;C:\Users\spraks99\.m2\repository\com\aventstack\extentreports\4.0.9\extentreports-4.0.9.jar;C:\Users\spraks99\.m2\repository\org\freemarker\freemarker\2.3.23\freemarker-2.3.23.jar;C:\Users\spraks99\.m2\repository\org\mongodb\mongodb-driver\3.3.0\mongodb-driver-3.3.0.jar;C:\Users\spraks99\.m2\repository\org\mongodb\mongodb-driver-core\3.3.0\mongodb-driver-core-3.3.0.jar;C:\Users\spraks99\.m2\repository\org\mongodb\bson\3.3.0\bson-3.3.0.jar;C:\Users\spraks99\.m2\repository\org\apache\httpcomponents\httpclient\4.5.2\httpclient-4.5.2.jar;C:\Users\spraks99\.m2\repository\org\apache\httpcomponents\httpcore\4.4.4\httpcore-4.4.4.jar;C:\Users\spraks99\.m2\repository\commons-logging\commons-logging\1.2\commons-logging-1.2.jar;C:\Users\spraks99\.m2\repository\org\apache\httpcomponents\httpmime\4.5.2\httpmime-4.5.2.jar;C:\Users\spraks99\.m2\repository\com\google\code\gson\gson\2.8.5\gson-2.8.5.jar;"/>
    <property name="sun.cpu.endian" value="little"/>
    <property name="user.home" value="C:\Users\spraks99"/>
    <property name="user.language" value="en"/>
    <property name="java.specification.vendor" value="Oracle Corporation"/>
    <property name="java.home" value="C:\Program Files\Java\jre1.8.0_281"/>
    <property name="basedir" value="E:\Eclipse\Selenium-Java\ShoppinG_Project"/>
    <property name="file.separator" value="\"/>
    <property name="line.separator" value="&#10;"/>
    <property name="java.vm.specification.vendor" value="Oracle Corporation"/>
    <property name="java.specification.name" value="Java Platform API Specification"/>
    <property name="java.awt.graphicsenv" value="sun.awt.Win32GraphicsEnvironment"/>
    <property name="surefire.real.class.path" value="C:\Users\spraks99\AppData\Local\Temp\surefire7174971236359749546\surefirebooter6161863474421998994.jar"/>
    <property name="sun.boot.class.path" value="C:\Program Files\Java\jre1.8.0_281\lib\resources.jar;C:\Program Files\Java\jre1.8.0_281\lib\rt.jar;C:\Program Files\Java\jre1.8.0_281\lib\sunrsasign.jar;C:\Program Files\Java\jre1.8.0_281\lib\jsse.jar;C:\Program Files\Java\jre1.8.0_281\lib\jce.jar;C:\Program Files\Java\jre1.8.0_281\lib\charsets.jar;C:\Program Files\Java\jre1.8.0_281\lib\jfr.jar;C:\Program Files\Java\jre1.8.0_281\classes"/>
    <property name="user.script" value=""/>
    <property name="sun.management.compiler" value="HotSpot 64-Bit Tiered Compilers"/>
    <property name="java.runtime.version" value="1.8.0_281-b09"/>
    <property name="user.name" value="spraks99"/>
    <property name="path.separator" value=";"/>
    <property name="os.version" value="10.0"/>
    <property name="java.endorsed.dirs" value="C:\Program Files\Java\jre1.8.0_281\lib\endorsed"/>
    <property name="java.runtime.name" value="Java(TM) SE Runtime Environment"/>
    <property name="file.encoding" value="Cp1252"/>
    <property name="java.vm.name" value="Java HotSpot(TM) 64-Bit Server VM"/>
    <property name="localRepository" value="C:\Users\spraks99\.m2\repository"/>
    <property name="java.vendor.url.bug" value="http://bugreport.sun.com/bugreport/"/>
    <property name="java.io.tmpdir" value="C:\Users\spraks99\AppData\Local\Temp\"/>
    <property name="java.version" value="1.8.0_281"/>
    <property name="user.dir" value="E:\Eclipse\Selenium-Java\ShoppinG_Project"/>
    <property name="os.arch" value="amd64"/>
    <property name="java.vm.specification.name" value="Java Virtual Machine Specification"/>
    <property name="java.awt.printerjob" value="sun.awt.windows.WPrinterJob"/>
    <property name="sun.os.patch.level" value=""/>
    <property name="java.library.path" value="C:\Program Files\Java\jre1.8.0_281\bin;C:\Windows\Sun\Java\bin;C:\Windows\system32;C:\Windows;C:/Program Files/Java/jre1.8.0_281/bin/server;C:/Program Files/Java/jre1.8.0_281/bin;C:/Program Files/Java/jre1.8.0_281/lib/amd64;C:\Program Files (x86)\Common Files\Oracle\Java\javapath;C:\Program Files (x86)\Common Files\Oracle\Java;C:\oraclexe\app\oracle\product\10.2.0\server\bin;C:\ProgramData\Oracle\Java\javapath;C:\Program Files (x86)\Java\jdk1.8.0_91;C:\Program Files (x86)\Brackets\command;C:\Program Files\Amazon\AWSCLIV2\;E:\apache-maven-3.8.2-bin\apache-maven-3.8.2\bin;C:\Program Files\Git\cmd;C:\Users\spraks99\AppData\Local\Programs\Python\Python39\Scripts\;C:\Users\spraks99\AppData\Local\Programs\Python\Python39\;C:\Users\spraks99\AppData\Local\Microsoft\WindowsApps;C:\Program Files (x86)\Java\jdk1.8.0_91\bin;;C:\Users\spraks99\Desktop;;."/>
    <property name="java.vm.info" value="mixed mode"/>
    <property name="java.vendor" value="Oracle Corporation"/>
    <property name="java.vm.version" value="25.281-b09"/>
    <property name="java.ext.dirs" value="C:\Program Files\Java\jre1.8.0_281\lib\ext;C:\Windows\Sun\Java\lib\ext"/>
    <property name="sun.io.unicode.encoding" value="UnicodeLittle"/>
    <property name="java.class.version" value="52.0"/>
  </properties>
  <testcase name="Given user Launch The Appliction" classname="Scenario: Open The Site Page" time="0.003"/>
  <testcase name="When user Move to Cursor Women Section" classname="Scenario: Open The Site Page" time="0"/>
  <testcase name="Then user Under Click Evening Dress and Navigate to dress page" classname="Scenario: Open The Site Page" time="0"/>
  <testcase name="Scenario: Open The Site Page" classname="Scenario: Open The Site Page" time="0"/>
  <testcase name="When user Move to Cursor Dress Item" classname="Scenario: Evening Dress Page" time="0"/>
  <testcase name="Then user Click On More Button and Navigate to Printed dress page" classname="Scenario: Evening Dress Page" time="0.012"/>
  <testcase name="Scenario: Evening Dress Page" classname="Scenario: Evening Dress Page" time="0.012"/>
  <testcase name="When user Enter a Quantity Value" classname="Scenario: Printed Dress Page" time="0"/>
  <testcase name="And user Select a &quot;2&quot;" classname="Scenario: Printed Dress Page" time="0"/>
  <testcase name="And user Change the Color Item" classname="Scenario: Printed Dress Page" time="0"/>
  <testcase name="Then user Click Add to Card Button and Click to Proceed to checkout Button" classname="Scenario: Printed Dress Page" time="0"/>
  <testcase name="Scenario: Printed Dress Page" classname="Scenario: Printed Dress Page" time="0"/>
  <testcase name="Then user Click to Proceed to checkout Button" classname="Scenario: Summary Page" time="0"/>
  <testcase name="Scenario: Summary Page" classname="Scenario: Summary Page" time="0.002"/>
  <testcase name="When user Enter a &quot;ram@123gmail.com&quot; in Username Field" classname="| ram@123gmail.com | sprksram123 |" time="0"/>
  <testcase name="And user Enter a &quot;sprksram123&quot; in Password Field" classname="| ram@123gmail.com | sprksram123 |" time="0"/>
  <testcase name="Then user Click to Sign in Button and Navigate to Order Page" classname="| ram@123gmail.com | sprksram123 |" time="0"/>
  <testcase name="| ram@123gmail.com | sprksram123 |" classname="| ram@123gmail.com | sprksram123 |" time="0"/>
  <testcase name="When user Enter a Commends" classname="Scenario: Address Page" time="0.001"/>
  <testcase name="Then user Click Proceed to checkout Button" classname="Scenario: Address Page" time="0"/>
  <testcase name="Scenario: Address Page" classname="Scenario: Address Page" time="0"/>
  <testcase name="When user Click a checkbox" classname="Scenario: Shipping Page" time="0"/>
  <testcase name="Then user Click a Proceed to checkout Button" classname="Scenario: Shipping Page" time="0"/>
  <testcase name="Scenario: Shipping Page" classname="Scenario: Shipping Page" time="0"/>
  <testcase name="When user Click a Pay by bank wire Button" classname="Scenario: Payment Page" time="0"/>
  <testcase name="Then user Click to I confirm to my order Button" classname="Scenario: Payment Page" time="0"/>
  <testcase name="Scenario: Payment Page" classname="Scenario: Payment Page" time="0.011"/>
</testsuite>