<?xml version="1.0" encoding="UTF-8"?>
<!-- Generated by org.testng.reporters.JUnitReportReporter -->
<testsuite skipped="0" hostname="DESKTOP-TG3D4HK" name="org.testNG.TestNG_Runner" tests="10" failures="0" timestamp="2021-10-15T13:00:41 IST" time="69.514" errors="0">
  <testcase name="browser_lanuch" time="25.478" classname="org.testNG.TestNG_Runner"/>
  <system-out/>
  <testcase name="home_page" time="5.472" classname="org.testNG.TestNG_Runner"/>
  <system-out/>
  <testcase name="evening_dress" time="5.085" classname="org.testNG.TestNG_Runner"/>
  <system-out/>
  <testcase name="printed_dress" time="7.197" classname="org.testNG.TestNG_Runner"/>
  <system-out/>
  <testcase name="summary" time="5.258" classname="org.testNG.TestNG_Runner"/>
  <system-out/>
  <testcase name="sign_in" time="7.147" classname="org.testNG.TestNG_Runner"/>
  <system-out/>
  <testcase name="address" time="2.754" classname="org.testNG.TestNG_Runner"/>
  <system-out/>
  <testcase name="shipping" time="1.901" classname="org.testNG.TestNG_Runner"/>
  <system-out/>
  <testcase name="payment" time="8.894" classname="org.testNG.TestNG_Runner"/>
  <system-out/>
  <testcase name="browser_close" time="0.328" classname="org.testNG.TestNG_Runner"/>
  <system-out/>
</testsuite> <!-- org.testNG.TestNG_Runner -->
